<?xml version="1.0" encoding="UTF-8"?>
<testsuite name="core.cart.CartUpdateUseCaseImplTest" tests="1" skipped="0" failures="0" errors="0" timestamp="2021-02-16T08:20:41" hostname="DESKTOP-ME4TEVR" time="0.072">
  <properties/>
  <testcase name="should create cart if there is none and update when there is one()" classname="core.cart.CartUpdateUseCaseImplTest" time="0.072"/>
  <system-out><![CDATA[]]></system-out>
  <system-err><![CDATA[]]></system-err>
</testsuite>
