<?xml version="1.0" encoding="UTF-8"?>
<testsuite name="core.order.OrderCreateUseCaseImplTest" tests="1" skipped="0" failures="0" errors="0" timestamp="2021-02-16T08:20:41" hostname="DESKTOP-ME4TEVR" time="0.024">
  <properties/>
  <testcase name="should create order when everything is valid()" classname="core.order.OrderCreateUseCaseImplTest" time="0.024"/>
  <system-out><![CDATA[]]></system-out>
  <system-err><![CDATA[]]></system-err>
</testsuite>
