<?xml version="1.0" encoding="UTF-8"?>
<testsuite name="core.user.UserLoginUseCaseImplTest" tests="2" skipped="0" failures="0" errors="0" timestamp="2021-02-16T08:20:41" hostname="DESKTOP-ME4TEVR" time="0.006">
  <properties/>
  <testcase name="should login when user does exist()" classname="core.user.UserLoginUseCaseImplTest" time="0.005"/>
  <testcase name="should give error when invalid credentials()" classname="core.user.UserLoginUseCaseImplTest" time="0.001"/>
  <system-out><![CDATA[]]></system-out>
  <system-err><![CDATA[]]></system-err>
</testsuite>
